d:\programming projects\projetos isolados\projetos mp2\ex08\ex08\ex08\debug\ex08.pch
d:\programming projects\projetos isolados\projetos mp2\ex08\ex08\ex08\debug\vc141.pdb
d:\programming projects\projetos isolados\projetos mp2\ex08\ex08\ex08\debug\vc141.idb
d:\programming projects\projetos isolados\projetos mp2\ex08\ex08\ex08\debug\stdafx.obj
d:\programming projects\projetos isolados\projetos mp2\ex08\ex08\ex08\debug\admin.obj
d:\programming projects\projetos isolados\projetos mp2\ex08\ex08\ex08\debug\data.obj
d:\programming projects\projetos isolados\projetos mp2\ex08\ex08\ex08\debug\ex08.obj
d:\programming projects\projetos isolados\projetos mp2\ex08\ex08\ex08\debug\func.obj
d:\programming projects\projetos isolados\projetos mp2\ex08\ex08\ex08\debug\opera.obj
d:\programming projects\projetos isolados\projetos mp2\ex08\ex08\ex08\debug\pessoa.obj
d:\programming projects\projetos isolados\projetos mp2\ex08\ex08\ex08\debug\gestor_func.obj
d:\programming projects\projetos isolados\projetos mp2\ex08\ex08\debug\ex08.exe
d:\programming projects\projetos isolados\projetos mp2\ex08\ex08\debug\ex08.ilk
d:\programming projects\projetos isolados\projetos mp2\ex08\ex08\debug\ex08.pdb
d:\programming projects\projetos isolados\projetos mp2 - caderno exercicios 3\ex08\ex08\ex08\debug\admin.obj
d:\programming projects\projetos isolados\projetos mp2 - caderno exercicios 3\ex08\ex08\ex08\debug\data.obj
d:\programming projects\projetos isolados\projetos mp2 - caderno exercicios 3\ex08\ex08\ex08\debug\ex08.obj
d:\programming projects\projetos isolados\projetos mp2 - caderno exercicios 3\ex08\ex08\ex08\debug\func.obj
d:\programming projects\projetos isolados\projetos mp2 - caderno exercicios 3\ex08\ex08\ex08\debug\gestor_func.obj
d:\programming projects\projetos isolados\projetos mp2 - caderno exercicios 3\ex08\ex08\ex08\debug\opera.obj
d:\programming projects\projetos isolados\projetos mp2 - caderno exercicios 3\ex08\ex08\ex08\debug\pessoa.obj
d:\programming projects\projetos isolados\projetos mp2 - caderno exercicios 3\ex08\ex08\ex08\debug\stdafx.obj
d:\programming projects\projetos isolados\projetos mp2 - caderno exercicios 3\ex08\ex08\ex08\debug\ex08.pch
d:\programming projects\projetos isolados\projetos mp2 - caderno exercicios 3\ex08\ex08\ex08\debug\vc141.idb
d:\programming projects\projetos isolados\projetos mp2 - caderno exercicios 3\ex08\ex08\ex08\debug\vc141.pdb
d:\programming projects\projetos isolados\projetos mp2 - caderno exercicios 3\ex08\ex08\debug\ex08.pdb
d:\programming projects\projetos isolados\projetos mp2 - caderno exercicios 3\ex08\ex08\debug\ex08.exe
d:\programming projects\projetos isolados\projetos mp2 - caderno exercicios 3\ex08\ex08\debug\ex08.ilk
d:\programming projects\projetos isolados\projetos mp2 - caderno exercicios 3\ex08\ex08\ex08\debug\ex08.tlog\cl.command.1.tlog
d:\programming projects\projetos isolados\projetos mp2 - caderno exercicios 3\ex08\ex08\ex08\debug\ex08.tlog\cl.read.1.tlog
d:\programming projects\projetos isolados\projetos mp2 - caderno exercicios 3\ex08\ex08\ex08\debug\ex08.tlog\cl.write.1.tlog
d:\programming projects\projetos isolados\projetos mp2 - caderno exercicios 3\ex08\ex08\ex08\debug\ex08.tlog\link.command.1.tlog
d:\programming projects\projetos isolados\projetos mp2 - caderno exercicios 3\ex08\ex08\ex08\debug\ex08.tlog\link.read.1.tlog
d:\programming projects\projetos isolados\projetos mp2 - caderno exercicios 3\ex08\ex08\ex08\debug\ex08.tlog\link.write.1.tlog
